<?xml version="1.0" encoding="UTF-8"?>
<testsuite name="i_introduction._0_Hello_World.N00StartKtTest" tests="1" skipped="0" failures="1" errors="0" timestamp="2017-12-28T18:40:14" hostname="macbook" time="0.001">
  <properties/>
  <testcase name="testOk" classname="i_introduction._0_Hello_World.N00StartKtTest" time="0.001">
    <failure message="util.NotImplementedException: &#10;        Task 0.&#10;&#10;        Read README.md to learn how to work with this project and check your solutions.&#10;&#10;        Using 'documentation =' below the task description you can open the related part of the online documentation.&#10;            Press 'Ctrl+Q'(Windows) or 'F1'(Mac OS) on 'doc0()' to call the &quot;Quick Documentation&quot; action;&#10;            &quot;See also&quot; section gives you a link.&#10;            You can see the shortcut for the &quot;Quick Documentation&quot; action used in your IntelliJ IDEA&#10;            by choosing &quot;Help -&gt; Find Action...&quot; (in the top menu), and typing the action name (&quot;Quick Documentation&quot;).&#10;            The shortcut in use will be written next to the action name.&#10;&#10;        Using 'references =' you can navigate to the code mentioned in the task description.&#10;&#10;        Let's start! Make the function 'task0' return &quot;OK&quot;. Note that you can return expression directly.&#10;    " type="util.NotImplementedException">util.NotImplementedException: 
        Task 0.

        Read README.md to learn how to work with this project and check your solutions.

        Using 'documentation =' below the task description you can open the related part of the online documentation.
            Press 'Ctrl+Q'(Windows) or 'F1'(Mac OS) on 'doc0()' to call the &quot;Quick Documentation&quot; action;
            &quot;See also&quot; section gives you a link.
            You can see the shortcut for the &quot;Quick Documentation&quot; action used in your IntelliJ IDEA
            by choosing &quot;Help -&gt; Find Action...&quot; (in the top menu), and typing the action name (&quot;Quick Documentation&quot;).
            The shortcut in use will be written next to the action name.

        Using 'references =' you can navigate to the code mentioned in the task description.

        Let's start! Make the function 'task0' return &quot;OK&quot;. Note that you can return expression directly.
    
	at util.KotlinUtilKt.TODO(kotlinUtil.kt:4)
	at i_introduction._0_Hello_World.N00StartKt.todoTask0(n00Start.kt:6)
	at i_introduction._0_Hello_World.N00StartKt.task0(n00Start.kt:28)
	at i_introduction._0_Hello_World.N00StartKtTest.testOk(N00StartKtTest.kt:8)
	at sun.reflect.NativeMethodAccessorImpl.invoke0(Native Method)
	at sun.reflect.NativeMethodAccessorImpl.invoke(NativeMethodAccessorImpl.java:62)
	at sun.reflect.DelegatingMethodAccessorImpl.invoke(DelegatingMethodAccessorImpl.java:43)
	at java.lang.reflect.Method.invoke(Method.java:498)
	at org.junit.runners.model.FrameworkMethod$1.runReflectiveCall(FrameworkMethod.java:50)
	at org.junit.internal.runners.model.ReflectiveCallable.run(ReflectiveCallable.java:12)
	at org.junit.runners.model.FrameworkMethod.invokeExplosively(FrameworkMethod.java:47)
	at org.junit.internal.runners.statements.InvokeMethod.evaluate(InvokeMethod.java:17)
	at org.junit.runners.ParentRunner.runLeaf(ParentRunner.java:325)
	at org.junit.runners.BlockJUnit4ClassRunner.runChild(BlockJUnit4ClassRunner.java:78)
	at org.junit.runners.BlockJUnit4ClassRunner.runChild(BlockJUnit4ClassRunner.java:57)
	at org.junit.runners.ParentRunner$3.run(ParentRunner.java:290)
	at org.junit.runners.ParentRunner$1.schedule(ParentRunner.java:71)
	at org.junit.runners.ParentRunner.runChildren(ParentRunner.java:288)
	at org.junit.runners.ParentRunner.access$000(ParentRunner.java:58)
	at org.junit.runners.ParentRunner$2.evaluate(ParentRunner.java:268)
	at org.junit.runners.ParentRunner.run(ParentRunner.java:363)
	at org.gradle.api.internal.tasks.testing.junit.JUnitTestClassExecuter.runTestClass(JUnitTestClassExecuter.java:114)
	at org.gradle.api.internal.tasks.testing.junit.JUnitTestClassExecuter.execute(JUnitTestClassExecuter.java:57)
	at org.gradle.api.internal.tasks.testing.junit.JUnitTestClassProcessor.processTestClass(JUnitTestClassProcessor.java:66)
	at org.gradle.api.internal.tasks.testing.SuiteTestClassProcessor.processTestClass(SuiteTestClassProcessor.java:51)
	at sun.reflect.GeneratedMethodAccessor8.invoke(Unknown Source)
	at sun.reflect.DelegatingMethodAccessorImpl.invoke(DelegatingMethodAccessorImpl.java:43)
	at java.lang.reflect.Method.invoke(Method.java:498)
	at org.gradle.internal.dispatch.ReflectionDispatch.dispatch(ReflectionDispatch.java:35)
	at org.gradle.internal.dispatch.ReflectionDispatch.dispatch(ReflectionDispatch.java:24)
	at org.gradle.internal.dispatch.ContextClassLoaderDispatch.dispatch(ContextClassLoaderDispatch.java:32)
	at org.gradle.internal.dispatch.ProxyDispatchAdapter$DispatchingInvocationHandler.invoke(ProxyDispatchAdapter.java:93)
	at com.sun.proxy.$Proxy2.processTestClass(Unknown Source)
	at org.gradle.api.internal.tasks.testing.worker.TestWorker.processTestClass(TestWorker.java:109)
	at sun.reflect.GeneratedMethodAccessor7.invoke(Unknown Source)
	at sun.reflect.DelegatingMethodAccessorImpl.invoke(DelegatingMethodAccessorImpl.java:43)
	at java.lang.reflect.Method.invoke(Method.java:498)
	at org.gradle.internal.dispatch.ReflectionDispatch.dispatch(ReflectionDispatch.java:35)
	at org.gradle.internal.dispatch.ReflectionDispatch.dispatch(ReflectionDispatch.java:24)
	at org.gradle.internal.remote.internal.hub.MessageHub$Handler.run(MessageHub.java:377)
	at org.gradle.internal.concurrent.ExecutorPolicy$CatchAndRecordFailures.onExecute(ExecutorPolicy.java:54)
	at org.gradle.internal.concurrent.StoppableExecutorImpl$1.run(StoppableExecutorImpl.java:40)
	at java.util.concurrent.ThreadPoolExecutor.runWorker(ThreadPoolExecutor.java:1149)
	at java.util.concurrent.ThreadPoolExecutor$Worker.run(ThreadPoolExecutor.java:624)
	at java.lang.Thread.run(Thread.java:748)
</failure>
  </testcase>
  <system-out><![CDATA[]]></system-out>
  <system-err><![CDATA[]]></system-err>
</testsuite>
